<?xml version="1.0" encoding="UTF-8"?>
<testng-results total="2" passed="2" failed="0" skipped="0">
  <reporter-output>
  </reporter-output>
  <suite started-at="2022-11-13T15:36:52Z" name="Suite" finished-at="2022-11-13T15:37:39Z" duration-ms="47180">
    <groups>
    </groups>
    <test started-at="2022-11-13T15:36:52Z" name="test2" finished-at="2022-11-13T15:37:34Z" duration-ms="41960">
      <class name="parallel.testing.parallel_test">
        <test-method is-config="true" signature="befortest(java.lang.String)[pri:0, instance:parallel.testing.parallel_test@44d52de2]" started-at="2022-11-13T21:06:52Z" name="befortest" finished-at="2022-11-13T21:07:11Z" duration-ms="19448" status="PASS">
          <params>
            <param index="0">
              <value>
                <![CDATA[chrome]]>
              </value>
            </param>
          </params>
          <reporter-output>
          </reporter-output>
        </test-method> <!-- befortest -->
        <test-method signature="test()[pri:0, instance:parallel.testing.parallel_test@44d52de2]" started-at="2022-11-13T21:07:11Z" name="test" finished-at="2022-11-13T21:07:34Z" duration-ms="22491" status="PASS">
          <reporter-output>
          </reporter-output>
        </test-method> <!-- test -->
      </class> <!-- parallel.testing.parallel_test -->
    </test> <!-- test2 -->
    <test started-at="2022-11-13T15:36:52Z" name="test1" finished-at="2022-11-13T15:37:39Z" duration-ms="47180">
      <class name="parallel.testing.parallel_test">
        <test-method is-config="true" signature="befortest(java.lang.String)[pri:0, instance:parallel.testing.parallel_test@59cba5a]" started-at="2022-11-13T21:06:52Z" name="befortest" finished-at="2022-11-13T21:07:11Z" duration-ms="19340" status="PASS">
          <params>
            <param index="0">
              <value>
                <![CDATA[edge]]>
              </value>
            </param>
          </params>
          <reporter-output>
          </reporter-output>
        </test-method> <!-- befortest -->
        <test-method signature="test()[pri:0, instance:parallel.testing.parallel_test@59cba5a]" started-at="2022-11-13T21:07:11Z" name="test" finished-at="2022-11-13T21:07:39Z" duration-ms="27774" status="PASS">
          <reporter-output>
          </reporter-output>
        </test-method> <!-- test -->
      </class> <!-- parallel.testing.parallel_test -->
    </test> <!-- test1 -->
  </suite> <!-- Suite -->
</testng-results>
